[2024-06-15T02:29:02.990Z] error: 	The application had a critical error and failed to run
[2024-06-15T02:29:02.991Z] error: 	Exception produced: Error: Cannot inject the dependency "configServer" at position #1 of "Watermark" constructor. Reason:
    ENOENT: no such file or directory, scandir 'Aki_Data/Server/configs/'
[2024-06-15T02:29:02.995Z] error: 	
Stacktrace:
 Error: Cannot inject the dependency "configServer" at position #1 of "Watermark" constructor. Reason:
    ENOENT: no such file or directory, scandir 'Aki_Data/Server/configs/'
    at C:\snapshot\project\node_modules\tsyringe\dist\cjs\dependency-container.js:324:23
    at Array.map (<anonymous>)
    at C:\snapshot\project\node_modules\tsyringe\dist\cjs\dependency-container.js:295:38
    at InternalDependencyContainer.construct (C:\snapshot\project\node_modules\tsyringe\dist\cjs\dependency-container.js:297:11)
    at InternalDependencyContainer.resolveRegistration (C:\snapshot\project\node_modules\tsyringe\dist\cjs\dependency-container.js:166:51)
    at InternalDependencyContainer.resolve (C:\snapshot\project\node_modules\tsyringe\dist\cjs\dependency-container.js:109:33)
    at Program.start (C:\snapshot\project\src\Program.ts:26:28)
    at Object.<anonymous> (C:\snapshot\project\src\ide\ReleaseEntry.ts:13:9)
    at Module._compile (pkg/prelude/bootstrap.js:1926:22)
    at Object.Module._extensions..js (node:internal/modules/cjs/loader:1308:10)
[2024-06-15T02:29:02.988Z] debug: 	Importing configs...
[2024-06-15T02:29:43.404Z] error: 	The application had a critical error and failed to run
[2024-06-15T02:29:43.405Z] error: 	Exception produced: Error: Cannot inject the dependency "configServer" at position #1 of "Watermark" constructor. Reason:
    ENOENT: no such file or directory, scandir 'Aki_Data/Server/configs/'
[2024-06-15T02:29:43.409Z] error: 	
Stacktrace:
 Error: Cannot inject the dependency "configServer" at position #1 of "Watermark" constructor. Reason:
    ENOENT: no such file or directory, scandir 'Aki_Data/Server/configs/'
    at C:\snapshot\project\node_modules\tsyringe\dist\cjs\dependency-container.js:324:23
    at Array.map (<anonymous>)
    at C:\snapshot\project\node_modules\tsyringe\dist\cjs\dependency-container.js:295:38
    at InternalDependencyContainer.construct (C:\snapshot\project\node_modules\tsyringe\dist\cjs\dependency-container.js:297:11)
    at InternalDependencyContainer.resolveRegistration (C:\snapshot\project\node_modules\tsyringe\dist\cjs\dependency-container.js:166:51)
    at InternalDependencyContainer.resolve (C:\snapshot\project\node_modules\tsyringe\dist\cjs\dependency-container.js:109:33)
    at Program.start (C:\snapshot\project\src\Program.ts:26:28)
    at Object.<anonymous> (C:\snapshot\project\src\ide\ReleaseEntry.ts:13:9)
    at Module._compile (pkg/prelude/bootstrap.js:1926:22)
    at Object.Module._extensions..js (node:internal/modules/cjs/loader:1308:10)
[2024-06-15T02:29:43.402Z] debug: 	Importing configs...
[2024-06-15T02:29:53.537Z] error: 	The application had a critical error and failed to run
[2024-06-15T02:29:53.538Z] error: 	Exception produced: Error: Cannot inject the dependency "configServer" at position #1 of "Watermark" constructor. Reason:
    ENOENT: no such file or directory, scandir 'Aki_Data/Server/configs/'
[2024-06-15T02:29:53.542Z] error: 	
Stacktrace:
 Error: Cannot inject the dependency "configServer" at position #1 of "Watermark" constructor. Reason:
    ENOENT: no such file or directory, scandir 'Aki_Data/Server/configs/'
    at C:\snapshot\project\node_modules\tsyringe\dist\cjs\dependency-container.js:324:23
    at Array.map (<anonymous>)
    at C:\snapshot\project\node_modules\tsyringe\dist\cjs\dependency-container.js:295:38
    at InternalDependencyContainer.construct (C:\snapshot\project\node_modules\tsyringe\dist\cjs\dependency-container.js:297:11)
    at InternalDependencyContainer.resolveRegistration (C:\snapshot\project\node_modules\tsyringe\dist\cjs\dependency-container.js:166:51)
    at InternalDependencyContainer.resolve (C:\snapshot\project\node_modules\tsyringe\dist\cjs\dependency-container.js:109:33)
    at Program.start (C:\snapshot\project\src\Program.ts:26:28)
    at Object.<anonymous> (C:\snapshot\project\src\ide\ReleaseEntry.ts:13:9)
    at Module._compile (pkg/prelude/bootstrap.js:1926:22)
    at Object.Module._extensions..js (node:internal/modules/cjs/loader:1308:10)
[2024-06-15T02:29:53.535Z] debug: 	Importing configs...
[2024-06-15T02:55:36.335Z] error: 	The application had a critical error and failed to run
[2024-06-15T02:55:36.336Z] error: 	Exception produced: Error: Cannot inject the dependency "configServer" at position #1 of "Watermark" constructor. Reason:
    ENOENT: no such file or directory, scandir 'Aki_Data/Server/configs/'
[2024-06-15T02:55:36.340Z] error: 	
Stacktrace:
 Error: Cannot inject the dependency "configServer" at position #1 of "Watermark" constructor. Reason:
    ENOENT: no such file or directory, scandir 'Aki_Data/Server/configs/'
    at C:\snapshot\project\node_modules\tsyringe\dist\cjs\dependency-container.js:324:23
    at Array.map (<anonymous>)
    at C:\snapshot\project\node_modules\tsyringe\dist\cjs\dependency-container.js:295:38
    at InternalDependencyContainer.construct (C:\snapshot\project\node_modules\tsyringe\dist\cjs\dependency-container.js:297:11)
    at InternalDependencyContainer.resolveRegistration (C:\snapshot\project\node_modules\tsyringe\dist\cjs\dependency-container.js:166:51)
    at InternalDependencyContainer.resolve (C:\snapshot\project\node_modules\tsyringe\dist\cjs\dependency-container.js:109:33)
    at Program.start (C:\snapshot\project\src\Program.ts:26:28)
    at Object.<anonymous> (C:\snapshot\project\src\ide\ReleaseEntry.ts:13:9)
    at Module._compile (pkg/prelude/bootstrap.js:1926:22)
    at Object.Module._extensions..js (node:internal/modules/cjs/loader:1308:10)
[2024-06-15T02:55:36.333Z] debug: 	Importing configs...
[2024-06-15T02:56:19.282Z] error: 	The application had a critical error and failed to run
[2024-06-15T02:56:19.283Z] error: 	Exception produced: Error: Cannot inject the dependency "configServer" at position #1 of "Watermark" constructor. Reason:
    ENOENT: no such file or directory, scandir 'Aki_Data/Server/configs/'
[2024-06-15T02:56:19.287Z] error: 	
Stacktrace:
 Error: Cannot inject the dependency "configServer" at position #1 of "Watermark" constructor. Reason:
    ENOENT: no such file or directory, scandir 'Aki_Data/Server/configs/'
    at C:\snapshot\project\node_modules\tsyringe\dist\cjs\dependency-container.js:324:23
    at Array.map (<anonymous>)
    at C:\snapshot\project\node_modules\tsyringe\dist\cjs\dependency-container.js:295:38
    at InternalDependencyContainer.construct (C:\snapshot\project\node_modules\tsyringe\dist\cjs\dependency-container.js:297:11)
    at InternalDependencyContainer.resolveRegistration (C:\snapshot\project\node_modules\tsyringe\dist\cjs\dependency-container.js:166:51)
    at InternalDependencyContainer.resolve (C:\snapshot\project\node_modules\tsyringe\dist\cjs\dependency-container.js:109:33)
    at Program.start (C:\snapshot\project\src\Program.ts:26:28)
    at Object.<anonymous> (C:\snapshot\project\src\ide\ReleaseEntry.ts:13:9)
    at Module._compile (pkg/prelude/bootstrap.js:1926:22)
    at Object.Module._extensions..js (node:internal/modules/cjs/loader:1308:10)
[2024-06-15T02:56:19.280Z] debug: 	Importing configs...
